\BOOKMARK [1][-]{section.1}{\376\377\000I\000n\000t\000r\000o\000d\000u\000c\000t\000i\000o\000n}{}% 1
\BOOKMARK [2][-]{subsection.1.1}{\376\377\000P\000r\000\351\000s\000e\000n\000t\000a\000t\000i\000o\000n\000\040\000g\000\351\000n\000\351\000r\000a\000l\000e\000\040\000d\000u\000\040\000p\000r\000o\000j\000e\000t}{section.1}% 2
\BOOKMARK [2][-]{subsection.1.2}{\376\377\000P\000r\000o\000b\000l\000\351\000m\000a\000t\000i\000q\000u\000e\000\040\000e\000t\000\040\000p\000o\000i\000n\000t\000s\000\040\000c\000l\000\351\000s}{section.1}% 3
\BOOKMARK [2][-]{subsection.1.3}{\376\377\000P\000r\000\351\000s\000e\000n\000t\000a\000t\000i\000o\000n\000\040\000d\000u\000\040\000p\000l\000a\000n\000\040\000d\000u\000\040\000r\000a\000p\000p\000o\000r\000t}{section.1}% 4
\BOOKMARK [1][-]{section.2}{\376\377\000S\000t\000r\000u\000c\000t\000u\000r\000a\000t\000i\000o\000n\000\040\000d\000u\000\040\000p\000r\000o\000j\000e\000t}{}% 5
\BOOKMARK [2][-]{subsection.2.1}{\376\377\000A\000n\000a\000l\000y\000s\000e\000\040\000d\000e\000s\000\040\000b\000e\000s\000o\000i\000n\000s}{section.2}% 6
\BOOKMARK [2][-]{subsection.2.2}{\376\377\000F\000o\000n\000c\000t\000i\000o\000n\000n\000a\000l\000i\000t\000\351\000s\000\040\000i\000m\000p\000l\000\351\000m\000e\000n\000t\000\351\000e\000s}{section.2}% 7
\BOOKMARK [2][-]{subsection.2.3}{\376\377\000O\000r\000g\000a\000n\000i\000s\000a\000t\000i\000o\000n\000\040\000d\000u\000\040\000t\000r\000a\000v\000a\000i\000l}{section.2}% 8
\BOOKMARK [1][-]{section.3}{\376\377\000\311\000l\000\351\000m\000e\000n\000t\000s\000\040\000t\000e\000c\000h\000n\000i\000q\000u\000e\000s}{}% 9
\BOOKMARK [2][-]{subsection.3.1}{\376\377\000S\000t\000r\000u\000c\000t\000u\000r\000e\000s\000\040\000d\000e\000\040\000d\000o\000n\000n\000\351\000e\000s\000\040\000u\000t\000i\000l\000i\000s\000\351\000e\000s}{section.3}% 10
\BOOKMARK [2][-]{subsection.3.2}{\376\377\000P\000a\000t\000t\000e\000r\000n\000s\000\040\000d\000e\000\040\000c\000o\000n\000c\000e\000p\000t\000i\000o\000n}{section.3}% 11
\BOOKMARK [3][-]{subsubsection.3.2.1}{\376\377\000O\000b\000s\000e\000r\000v\000e\000r\000\040\000P\000a\000t\000t\000e\000r\000n}{subsection.3.2}% 12
\BOOKMARK [3][-]{subsubsection.3.2.2}{\376\377\000S\000t\000r\000a\000t\000e\000g\000y\000\040\000P\000a\000t\000t\000e\000r\000n}{subsection.3.2}% 13
\BOOKMARK [3][-]{subsubsection.3.2.3}{\376\377\000F\000a\000c\000t\000o\000r\000y\000\040\000M\000e\000t\000h\000o\000d}{subsection.3.2}% 14
\BOOKMARK [3][-]{subsubsection.3.2.4}{\376\377\000A\000d\000a\000p\000t\000e\000r\000\040\000P\000a\000t\000t\000e\000r\000n}{subsection.3.2}% 15
\BOOKMARK [3][-]{subsubsection.3.2.5}{\376\377\000C\000o\000m\000m\000a\000n\000d\000\040\000P\000a\000t\000t\000e\000r\000n}{subsection.3.2}% 16
\BOOKMARK [2][-]{subsection.3.3}{\376\377\000T\000e\000s\000t\000s\000\040\000M\000o\000c\000k}{section.3}% 17
\BOOKMARK [1][-]{section.4}{\376\377\000A\000r\000c\000h\000i\000t\000e\000c\000t\000u\000r\000e\000\040\000d\000u\000\040\000p\000r\000o\000j\000e\000t}{}% 18
\BOOKMARK [2][-]{subsection.4.1}{\376\377\000A\000r\000c\000h\000i\000t\000e\000c\000t\000u\000r\000e\000\040\000d\000e\000\040\000C\000a\000r\000t\000e\000s}{section.4}% 19
\BOOKMARK [3][-]{subsubsection.4.1.1}{\376\377\000C\000o\000n\000t\000r\000\364\000l\000e\000u\000r\000\040\000:\000\040\000o\000r\000c\000h\000e\000s\000t\000r\000a\000t\000i\000o\000n\000\040\000d\000e\000\040\000l\000a\000\040\000s\000i\000m\000u\000l\000a\000t\000i\000o\000n}{subsection.4.1}% 20
\BOOKMARK [3][-]{subsubsection.4.1.2}{\376\377\000V\000u\000e\000\040\000:\000\040\000i\000n\000t\000e\000r\000f\000a\000c\000e\000\040\000g\000r\000a\000p\000h\000i\000q\000u\000e\000\040\000r\000\351\000a\000c\000t\000i\000v\000e}{subsection.4.1}% 21
\BOOKMARK [3][-]{subsubsection.4.1.3}{\376\377\000C\000o\000m\000m\000u\000n\000i\000c\000a\000t\000i\000o\000n\000\040\000m\000o\000d\000\350\000l\000e\000\040\000\040\000v\000u\000e}{subsection.4.1}% 22
\BOOKMARK [3][-]{subsubsection.4.1.4}{\376\377\000S\000y\000n\000t\000h\000\350\000s\000e\000\040\000:\000\040\000u\000n\000e\000\040\000a\000r\000c\000h\000i\000t\000e\000c\000t\000u\000r\000e\000\040\000M\000-\000V\000-\000C}{subsection.4.1}% 23
\BOOKMARK [2][-]{subsection.4.2}{\376\377\000A\000r\000c\000h\000i\000t\000e\000c\000t\000u\000r\000e\000\040\000d\000e\000\040\000B\000l\000a\000c\000k\000j\000a\000c\000k}{section.4}% 24
\BOOKMARK [3][-]{subsubsection.4.2.1}{\376\377\000C\000o\000n\000t\000r\000\364\000l\000e\000u\000r\000\040\000:\000\040\000o\000r\000c\000h\000e\000s\000t\000r\000a\000t\000i\000o\000n\000\040\000d\000e\000\040\000l\000a\000\040\000s\000i\000m\000u\000l\000a\000t\000i\000o\000n}{subsection.4.2}% 25
\BOOKMARK [3][-]{subsubsection.4.2.2}{\376\377\000V\000u\000e\000\040\000:\000\040\000i\000n\000t\000e\000r\000f\000a\000c\000e\000\040\000g\000r\000a\000p\000h\000i\000q\000u\000e\000\040\000r\000\351\000a\000c\000t\000i\000v\000e}{subsection.4.2}% 26
\BOOKMARK [3][-]{subsubsection.4.2.3}{\376\377\000M\000o\000d\000\350\000l\000e\000\040\000:\000\040\000l\000e\000\040\000c\001\123\000u\000r\000\040\000d\000u\000\040\000B\000l\000a\000c\000k\000j\000a\000c\000k}{subsection.4.2}% 27
\BOOKMARK [3][-]{subsubsection.4.2.4}{\376\377\000C\000o\000m\000m\000u\000n\000i\000c\000a\000t\000i\000o\000n\000\040\000m\000o\000d\000\350\000l\000e\000\040\000\040\000v\000u\000e}{subsection.4.2}% 28
\BOOKMARK [3][-]{subsubsection.4.2.5}{\376\377\000S\000y\000n\000t\000h\000\350\000s\000e\000\040\000:\000\040\000u\000n\000e\000\040\000a\000r\000c\000h\000i\000t\000e\000c\000t\000u\000r\000e\000\040\000M\000-\000V\000-\000C}{subsection.4.2}% 29
\BOOKMARK [1][-]{section.5}{\376\377\000T\000e\000s\000t\000s\000\040\000d\000u\000\040\000m\000o\000d\000\350\000l\000e}{}% 30
\BOOKMARK [2][-]{subsection.5.1}{\376\377\000T\000e\000s\000t\000s\000\040\000d\000u\000\040\000m\000o\000d\000\350\000l\000e\000\040\000d\000e\000\040\000C\000a\000r\000t\000e\000s}{section.5}% 31
\BOOKMARK [2][-]{subsection.5.2}{\376\377\000T\000e\000s\000t\000s\000\040\000d\000u\000\040\000m\000o\000d\000\350\000l\000e\000\040\000B\000l\000a\000c\000k\000j\000a\000c\000k}{section.5}% 32
\BOOKMARK [3][-]{subsubsection.5.2.1}{\376\377\000T\000e\000s\000t\000s\000\040\000d\000u\000\040\000m\000o\000d\000\350\000l\000e\000\040\000d\000e\000s\000\040\000a\000c\000t\000i\000o\000n\000s}{subsection.5.2}% 33
\BOOKMARK [3][-]{subsubsection.5.2.2}{\376\377\000T\000e\000s\000t\000s\000\040\000d\000u\000\040\000m\000o\000d\000\350\000l\000e\000\040\000d\000e\000s\000\040\000j\000o\000u\000e\000u\000r\000s}{subsection.5.2}% 34
\BOOKMARK [3][-]{subsubsection.5.2.3}{\376\377\000T\000e\000s\000t\000s\000\040\000d\000u\000\040\000m\000o\000d\000\350\000l\000e\000\040\000d\000e\000\040\000j\000e\000u}{subsection.5.2}% 35
\BOOKMARK [2][-]{subsection.5.3}{\376\377\000C\000o\000n\000c\000l\000u\000s\000i\000o\000n\000\040\000d\000e\000s\000\040\000t\000e\000s\000t\000s}{section.5}% 36
\BOOKMARK [1][-]{section.6}{\376\377\000E\000x\000p\000\351\000r\000i\000m\000e\000n\000t\000a\000t\000i\000o\000n\000s\000\040\000e\000t\000\040\000u\000s\000a\000g\000e\000s}{}% 37
\BOOKMARK [2][-]{subsection.6.1}{\376\377\000C\000a\000s\000\040\000d\000'\000u\000t\000i\000l\000i\000s\000a\000t\000i\000o\000n\000\040\000:\000\040\000P\000a\000r\000t\000i\000e\000\040\000b\000a\000s\000i\000q\000u\000e}{section.6}% 38
\BOOKMARK [2][-]{subsection.6.2}{\376\377\000C\000a\000s\000\040\000d\000'\000u\000t\000i\000l\000i\000s\000a\000t\000i\000o\000n\000\040\000:\000\040\000A\000j\000o\000u\000t\000e\000r\000\040\000u\000n\000\040\000j\000o\000u\000e\000u\000r}{section.6}% 39
\BOOKMARK [2][-]{subsection.6.3}{\376\377\000C\000a\000s\000\040\000d\000'\000u\000t\000i\000l\000i\000s\000a\000t\000i\000o\000n\000\040\000:\000\040\000R\000e\000t\000i\000r\000e\000r\000\040\000u\000n\000\040\000j\000o\000u\000e\000u\000r}{section.6}% 40
\BOOKMARK [2][-]{subsection.6.4}{\376\377\000C\000a\000s\000\040\000d\000'\000u\000t\000i\000l\000i\000s\000a\000t\000i\000o\000n\000\040\000:\000\040\000S\000p\000l\000i\000t}{section.6}% 41
\BOOKMARK [2][-]{subsection.6.5}{\376\377\000C\000a\000s\000\040\000d\000'\000u\000t\000i\000l\000i\000s\000a\000t\000i\000o\000n\000\040\000:\000\040\000B\000u\000s\000t}{section.6}% 42
\BOOKMARK [2][-]{subsection.6.6}{\376\377\000C\000a\000s\000\040\000d\000'\000u\000t\000i\000l\000i\000s\000a\000t\000i\000o\000n\000\040\000:\000\040\000B\000l\000a\000c\000k\000j\000a\000c\000k\000\040\000n\000a\000t\000u\000r\000e\000l}{section.6}% 43
\BOOKMARK [2][-]{subsection.6.7}{\376\377\000C\000a\000s\000\040\000d\000'\000u\000t\000i\000l\000i\000s\000a\000t\000i\000o\000n\000\040\000:\000\040\000A\000s\000s\000u\000r\000a\000n\000c\000e}{section.6}% 44
\BOOKMARK [2][-]{subsection.6.8}{\376\377\000C\000a\000s\000\040\000d\000'\000u\000t\000i\000l\000i\000s\000a\000t\000i\000o\000n\000\040\000:\000\040\000D\000o\000u\000b\000l\000e}{section.6}% 45
\BOOKMARK [1][-]{section.7}{\376\377\000C\000o\000n\000c\000l\000u\000s\000i\000o\000n}{}% 46
